[debug] [2021-10-21T08:46:07.904Z] ----------------------------------------------------------------------
[debug] [2021-10-21T08:46:07.907Z] Command:       /usr/bin/node /usr/local/bin/firebase emulators:start
[debug] [2021-10-21T08:46:07.908Z] CLI Version:   9.20.0
[debug] [2021-10-21T08:46:07.908Z] Platform:      linux
[debug] [2021-10-21T08:46:07.908Z] Node Version:  v16.11.1
[debug] [2021-10-21T08:46:07.912Z] Time:          Thu Oct 21 2021 14:16:07 GMT+0530 (India Standard Time)
[debug] [2021-10-21T08:46:07.912Z] ----------------------------------------------------------------------
[debug] 
[debug] [2021-10-21T08:46:07.914Z] >>> [apiv2][query] GET https://firebase-public.firebaseio.com/cli.json [none]
[debug] [2021-10-21T08:46:07.974Z] > command requires scopes: ["email","openid","https://www.googleapis.com/auth/cloudplatformprojects.readonly","https://www.googleapis.com/auth/firebase","https://www.googleapis.com/auth/cloud-platform"]
[debug] [2021-10-21T08:46:07.974Z] > authorizing via signed-in user (arjunp0710@gmail.com)
[info] i  emulators: Starting emulators: functions, hosting {"metadata":{"emulator":{"name":"hub"},"message":"Starting emulators: functions, hosting"}}
[debug] [2021-10-21T08:46:07.989Z] [hub] writing locator at /tmp/hub-clone-5943a.json
[warn] ⚠  functions: The following emulators are not running, calls to these services from the Functions emulator will affect production: auth, firestore, database, pubsub, storage {"metadata":{"emulator":{"name":"functions"},"message":"The following emulators are not running, calls to these services from the Functions emulator will affect production: \u001b[1mauth, firestore, database, pubsub, storage\u001b[22m"}}
[warn] ⚠  Your requested "node" version "14" doesn't match your global version "16" {"metadata":{"emulator":{"name":"functions"},"message":"Your requested \"node\" version \"14\" doesn't match your global version \"16\""}}
[debug] [2021-10-21T08:46:08.014Z] defaultcredentials: writing to file /home/arjun/.config/firebase/arjunp0710_gmail_com_application_default_credentials.json
[debug] [2021-10-21T08:46:08.019Z] Setting GAC to /home/arjun/.config/firebase/arjunp0710_gmail_com_application_default_credentials.json {"metadata":{"emulator":{"name":"functions"},"message":"Setting GAC to /home/arjun/.config/firebase/arjunp0710_gmail_com_application_default_credentials.json"}}
[debug] [2021-10-21T08:46:08.020Z] > refreshing access token with scopes: []
[debug] [2021-10-21T08:46:08.021Z] >>> HTTP REQUEST POST https://www.googleapis.com/oauth2/v3/token  
 <request body omitted>
[debug] [2021-10-21T08:46:08.158Z] <<< HTTP RESPONSE 200 {"pragma":"no-cache","expires":"Mon, 01 Jan 1990 00:00:00 GMT","date":"Thu, 21 Oct 2021 08:46:08 GMT","cache-control":"no-cache, no-store, max-age=0, must-revalidate","content-type":"application/json; charset=utf-8","vary":"X-Origin, Referer, Origin,Accept-Encoding","server":"scaffolding on HTTPServer2","x-xss-protection":"0","x-frame-options":"SAMEORIGIN","x-content-type-options":"nosniff","alt-svc":"h3=\":443\"; ma=2592000,h3-29=\":443\"; ma=2592000,h3-T051=\":443\"; ma=2592000,h3-Q050=\":443\"; ma=2592000,h3-Q046=\":443\"; ma=2592000,h3-Q043=\":443\"; ma=2592000,quic=\":443\"; ma=2592000; v=\"46,43\"","accept-ranges":"none","transfer-encoding":"chunked"}
[debug] [2021-10-21T08:46:08.166Z] >>> [apiv2][query] GET https://firebase.googleapis.com/v1beta1/projects/clone-5943a/adminSdkConfig [none]
[debug] [2021-10-21T08:46:08.567Z] <<< [apiv2][status] GET https://firebase.googleapis.com/v1beta1/projects/clone-5943a/adminSdkConfig 200
[debug] [2021-10-21T08:46:08.567Z] <<< [apiv2][body] GET https://firebase.googleapis.com/v1beta1/projects/clone-5943a/adminSdkConfig {"projectId":"clone-5943a","storageBucket":"clone-5943a.appspot.com","locationId":"asia-southeast2"}
[debug] [2021-10-21T08:46:08.575Z] >>> [apiv2][query] GET https://firebasehosting.googleapis.com/v1beta1/projects/clone-5943a/sites 
[debug] [2021-10-21T08:46:08.856Z] <<< [apiv2][status] GET https://firebase-public.firebaseio.com/cli.json 200
[debug] [2021-10-21T08:46:08.856Z] <<< [apiv2][body] GET https://firebase-public.firebaseio.com/cli.json {"cloudBuildErrorAfter":1594252800000,"cloudBuildWarnAfter":1590019200000,"defaultNode10After":1594252800000,"minVersion":"3.0.5","node8DeploysDisabledAfter":1613390400000,"node8RuntimeDisabledAfter":1615809600000,"node8WarnAfter":1600128000000}
[debug] [2021-10-21T08:46:10.315Z] <<< [apiv2][status] GET https://firebasehosting.googleapis.com/v1beta1/projects/clone-5943a/sites 200
[debug] [2021-10-21T08:46:10.315Z] <<< [apiv2][body] GET https://firebasehosting.googleapis.com/v1beta1/projects/clone-5943a/sites {"sites":[{"name":"projects/233487007814/sites/clone-5943a","defaultUrl":"https://clone-5943a.web.app","appId":"1:233487007814:web:420e0fe544e4d8880c0a47","type":"DEFAULT_SITE"}]}
[debug] [2021-10-21T08:46:10.316Z] >>> [apiv2][query] GET https://firebase.googleapis.com/v1beta1/projects/clone-5943a/webApps/1:233487007814:web:420e0fe544e4d8880c0a47/config [none]
[debug] [2021-10-21T08:46:11.837Z] <<< [apiv2][status] GET https://firebase.googleapis.com/v1beta1/projects/clone-5943a/webApps/1:233487007814:web:420e0fe544e4d8880c0a47/config 200
[debug] [2021-10-21T08:46:11.837Z] <<< [apiv2][body] GET https://firebase.googleapis.com/v1beta1/projects/clone-5943a/webApps/1:233487007814:web:420e0fe544e4d8880c0a47/config {"projectId":"clone-5943a","appId":"1:233487007814:web:420e0fe544e4d8880c0a47","storageBucket":"clone-5943a.appspot.com","locationId":"asia-southeast2","apiKey":"AIzaSyDXPt15SJP0yqmfxIGmICz2QpxpNbgzCQ8","authDomain":"clone-5943a.firebaseapp.com","messagingSenderId":"233487007814","measurementId":"G-P01WSGRTQ0"}
[info] i  hosting: Serving hosting files from: build {"metadata":{"emulator":{"name":"hosting"},"message":"Serving hosting files from: \u001b[1mbuild\u001b[22m"}}
[info] ✔  hosting: Local server: http://localhost:5000 {"metadata":{"emulator":{"name":"hosting"},"message":"Local server: \u001b[4m\u001b[1mhttp://localhost:5000\u001b[22m\u001b[24m"}}
[debug] [2021-10-21T08:46:11.859Z] Ignoring unsupported arg: auto_download {"metadata":{"emulator":{"name":"ui"},"message":"Ignoring unsupported arg: auto_download"}}
[debug] [2021-10-21T08:46:11.859Z] Ignoring unsupported arg: port {"metadata":{"emulator":{"name":"ui"},"message":"Ignoring unsupported arg: port"}}
[debug] [2021-10-21T08:46:11.860Z] Starting Emulator UI with command {"binary":"node","args":["/home/arjun/.cache/firebase/emulators/ui-v1.6.3/server.bundle.js"],"optionalArgs":[],"joinArgs":false} {"metadata":{"emulator":{"name":"ui"},"message":"Starting Emulator UI with command {\"binary\":\"node\",\"args\":[\"/home/arjun/.cache/firebase/emulators/ui-v1.6.3/server.bundle.js\"],\"optionalArgs\":[],\"joinArgs\":false}"}}
[info] i  ui: Emulator UI logging to ui-debug.log {"metadata":{"emulator":{"name":"ui"},"message":"Emulator UI logging to \u001b[1mui-debug.log\u001b[22m"}}
[debug] [2021-10-21T08:46:11.938Z] Web / API server started at localhost:4000
 {"metadata":{"emulator":{"name":"ui"},"message":"Web / API server started at localhost:4000\n"}}
[info] i  functions: Watching "/media/arjun/Shared/CODING/WebDev/amazon-clone/functions" for Cloud Functions... {"metadata":{"emulator":{"name":"functions"},"message":"Watching \"/media/arjun/Shared/CODING/WebDev/amazon-clone/functions\" for Cloud Functions..."}}
[debug] [2021-10-21T08:46:12.135Z] [worker-pool] addWorker(~diagnostic~) {"metadata":{"emulator":{"name":"functions"},"message":"[worker-pool] addWorker(~diagnostic~)"}}
[debug] [2021-10-21T08:46:12.135Z] [worker-pool] Adding worker with key ~diagnostic~, total=1 {"metadata":{"emulator":{"name":"functions"},"message":"[worker-pool] Adding worker with key ~diagnostic~, total=1"}}
[debug] [2021-10-21T08:46:12.135Z] [worker-pool] submitWork(triggerId=) {"metadata":{"emulator":{"name":"functions"},"message":"[worker-pool] submitWork(triggerId=)"}}
[debug] [2021-10-21T08:46:12.135Z] [worker-~diagnostic~-043f0b65-0e13-4e66-830b-90976b412524]: Assigning socketPath: /tmp/fire_emu_84414.sock {"metadata":{"emulator":{"name":"functions"},"message":"[worker-~diagnostic~-043f0b65-0e13-4e66-830b-90976b412524]: Assigning socketPath: /tmp/fire_emu_84414.sock"}}
[debug] [2021-10-21T08:46:12.136Z] [worker-~diagnostic~-043f0b65-0e13-4e66-830b-90976b412524]: BUSY {"metadata":{"emulator":{"name":"functions"},"message":"[worker-~diagnostic~-043f0b65-0e13-4e66-830b-90976b412524]: BUSY"}}
[debug] [2021-10-21T08:46:12.225Z] [runtime-status] [84414] Functions runtime initialized. {"cwd":"/media/arjun/Shared/CODING/WebDev/amazon-clone/functions","node_version":"16.11.1"} {"metadata":{"emulator":{"name":"functions"},"message":"[runtime-status] [84414] Functions runtime initialized. {\"cwd\":\"/media/arjun/Shared/CODING/WebDev/amazon-clone/functions\",\"node_version\":\"16.11.1\"}"}}
[debug] [2021-10-21T08:46:12.225Z] [runtime-status] [84414] Disabled runtime features: undefined {"metadata":{"emulator":{"name":"functions"},"message":"[runtime-status] [84414] Disabled runtime features: undefined"}}
[debug] [2021-10-21T08:46:12.231Z] [runtime-status] [84414] Resolved module firebase-admin {"declared":true,"installed":true,"version":"9.12.0","resolution":"/media/arjun/Shared/CODING/WebDev/amazon-clone/functions/node_modules/firebase-admin/lib/index.js"} {"metadata":{"emulator":{"name":"functions"},"message":"[runtime-status] [84414] Resolved module firebase-admin {\"declared\":true,\"installed\":true,\"version\":\"9.12.0\",\"resolution\":\"/media/arjun/Shared/CODING/WebDev/amazon-clone/functions/node_modules/firebase-admin/lib/index.js\"}"}}
[debug] [2021-10-21T08:46:12.236Z] [runtime-status] [84414] Resolved module firebase-functions {"declared":true,"installed":true,"version":"3.15.7","resolution":"/media/arjun/Shared/CODING/WebDev/amazon-clone/functions/node_modules/firebase-functions/lib/index.js"} {"metadata":{"emulator":{"name":"functions"},"message":"[runtime-status] [84414] Resolved module firebase-functions {\"declared\":true,\"installed\":true,\"version\":\"3.15.7\",\"resolution\":\"/media/arjun/Shared/CODING/WebDev/amazon-clone/functions/node_modules/firebase-functions/lib/index.js\"}"}}
[debug] [2021-10-21T08:46:12.238Z] [runtime-status] [84414] Outgoing network have been stubbed. [{"name":"http","status":"mocked"},{"name":"http","status":"mocked"},{"name":"https","status":"mocked"},{"name":"https","status":"mocked"},{"name":"net","status":"mocked"}] {"metadata":{"emulator":{"name":"functions"},"message":"[runtime-status] [84414] Outgoing network have been stubbed. [{\"name\":\"http\",\"status\":\"mocked\"},{\"name\":\"http\",\"status\":\"mocked\"},{\"name\":\"https\",\"status\":\"mocked\"},{\"name\":\"https\",\"status\":\"mocked\"},{\"name\":\"net\",\"status\":\"mocked\"}]"}}
[debug] [2021-10-21T08:46:12.240Z] [runtime-status] [84414] Resolved module firebase-functions {"declared":true,"installed":true,"version":"3.15.7","resolution":"/media/arjun/Shared/CODING/WebDev/amazon-clone/functions/node_modules/firebase-functions/lib/index.js"} {"metadata":{"emulator":{"name":"functions"},"message":"[runtime-status] [84414] Resolved module firebase-functions {\"declared\":true,\"installed\":true,\"version\":\"3.15.7\",\"resolution\":\"/media/arjun/Shared/CODING/WebDev/amazon-clone/functions/node_modules/firebase-functions/lib/index.js\"}"}}
[debug] [2021-10-21T08:46:12.325Z] [runtime-status] [84414] Checked functions.config() {"config":{}} {"metadata":{"emulator":{"name":"functions"},"message":"[runtime-status] [84414] Checked functions.config() {\"config\":{}}"}}
[debug] [2021-10-21T08:46:12.326Z] [runtime-status] [84414] firebase-functions has been stubbed. {"functionsResolution":{"declared":true,"installed":true,"version":"3.15.7","resolution":"/media/arjun/Shared/CODING/WebDev/amazon-clone/functions/node_modules/firebase-functions/lib/index.js"}} {"metadata":{"emulator":{"name":"functions"},"message":"[runtime-status] [84414] firebase-functions has been stubbed. {\"functionsResolution\":{\"declared\":true,\"installed\":true,\"version\":\"3.15.7\",\"resolution\":\"/media/arjun/Shared/CODING/WebDev/amazon-clone/functions/node_modules/firebase-functions/lib/index.js\"}}"}}
[debug] [2021-10-21T08:46:12.327Z] [runtime-status] [84414] Resolved module firebase-functions {"declared":true,"installed":true,"version":"3.15.7","resolution":"/media/arjun/Shared/CODING/WebDev/amazon-clone/functions/node_modules/firebase-functions/lib/index.js"} {"metadata":{"emulator":{"name":"functions"},"message":"[runtime-status] [84414] Resolved module firebase-functions {\"declared\":true,\"installed\":true,\"version\":\"3.15.7\",\"resolution\":\"/media/arjun/Shared/CODING/WebDev/amazon-clone/functions/node_modules/firebase-functions/lib/index.js\"}"}}
[debug] [2021-10-21T08:46:12.331Z] [runtime-status] [84414] Resolved module firebase-admin {"declared":true,"installed":true,"version":"9.12.0","resolution":"/media/arjun/Shared/CODING/WebDev/amazon-clone/functions/node_modules/firebase-admin/lib/index.js"} {"metadata":{"emulator":{"name":"functions"},"message":"[runtime-status] [84414] Resolved module firebase-admin {\"declared\":true,\"installed\":true,\"version\":\"9.12.0\",\"resolution\":\"/media/arjun/Shared/CODING/WebDev/amazon-clone/functions/node_modules/firebase-admin/lib/index.js\"}"}}
[debug] [2021-10-21T08:46:12.332Z] [runtime-status] [84414] Resolved module firebase-functions {"declared":true,"installed":true,"version":"3.15.7","resolution":"/media/arjun/Shared/CODING/WebDev/amazon-clone/functions/node_modules/firebase-functions/lib/index.js"} {"metadata":{"emulator":{"name":"functions"},"message":"[runtime-status] [84414] Resolved module firebase-functions {\"declared\":true,\"installed\":true,\"version\":\"3.15.7\",\"resolution\":\"/media/arjun/Shared/CODING/WebDev/amazon-clone/functions/node_modules/firebase-functions/lib/index.js\"}"}}
[debug] [2021-10-21T08:46:12.333Z] [runtime-status] [84414] firebase-admin has been stubbed. {"adminResolution":{"declared":true,"installed":true,"version":"9.12.0","resolution":"/media/arjun/Shared/CODING/WebDev/amazon-clone/functions/node_modules/firebase-admin/lib/index.js"}} {"metadata":{"emulator":{"name":"functions"},"message":"[runtime-status] [84414] firebase-admin has been stubbed. {\"adminResolution\":{\"declared\":true,\"installed\":true,\"version\":\"9.12.0\",\"resolution\":\"/media/arjun/Shared/CODING/WebDev/amazon-clone/functions/node_modules/firebase-admin/lib/index.js\"}}"}}
[debug] [2021-10-21T08:46:12.684Z] [worker-~diagnostic~-043f0b65-0e13-4e66-830b-90976b412524]: IDLE {"metadata":{"emulator":{"name":"functions"},"message":"[worker-~diagnostic~-043f0b65-0e13-4e66-830b-90976b412524]: IDLE"}}
[info] ✔  functions[us-central1-api]: http function initialized (http://localhost:5001/clone-5943a/us-central1/api). {"metadata":{"emulator":{"name":"functions"},"message":"\u001b[1mhttp\u001b[22m function initialized (http://localhost:5001/clone-5943a/us-central1/api)."}}
[info] 
┌─────────────────────────────────────────────────────────────┐
│ ✔  All emulators ready! It is now safe to connect your app. │
│ i  View Emulator UI at http://localhost:4000                │
└─────────────────────────────────────────────────────────────┘

┌───────────┬────────────────┬─────────────────────────────────┐
│ Emulator  │ Host:Port      │ View in Emulator UI             │
├───────────┼────────────────┼─────────────────────────────────┤
│ Functions │ localhost:5001 │ http://localhost:4000/functions │
├───────────┼────────────────┼─────────────────────────────────┤
│ Hosting   │ localhost:5000 │ n/a                             │
└───────────┴────────────────┴─────────────────────────────────┘
  Emulator Hub running at localhost:4400
  Other reserved ports: 4500

Issues? Report them at https://github.com/firebase/firebase-tools/issues and attach the *-debug.log files.
 
[debug] [2021-10-21T08:46:51.667Z] [work-queue] {"queueLength":1,"workRunningCount":0}
[debug] [2021-10-21T08:46:51.667Z] [work-queue] {"queueLength":0,"workRunningCount":1}
[debug] [2021-10-21T08:46:51.668Z] Accepted request OPTIONS /clone-5943a/us-central1/api/payments/create?total=179900 --> us-central1-api
[debug] [2021-10-21T08:46:51.676Z] [worker-pool] addWorker(us-central1-api) {"metadata":{"emulator":{"name":"functions"},"message":"[worker-pool] addWorker(us-central1-api)"}}
[debug] [2021-10-21T08:46:51.676Z] [worker-pool] Adding worker with key us-central1-api, total=1 {"metadata":{"emulator":{"name":"functions"},"message":"[worker-pool] Adding worker with key us-central1-api, total=1"}}
[debug] [2021-10-21T08:46:51.676Z] [worker-pool] submitWork(triggerId=us-central1-api) {"metadata":{"emulator":{"name":"functions"},"message":"[worker-pool] submitWork(triggerId=us-central1-api)"}}
[debug] [2021-10-21T08:46:51.676Z] [worker-us-central1-api-914b6a81-ca72-4582-85fb-479a67d7b094]: Assigning socketPath: /tmp/fire_emu_84676.sock {"metadata":{"emulator":{"name":"functions"},"message":"[worker-us-central1-api-914b6a81-ca72-4582-85fb-479a67d7b094]: Assigning socketPath: /tmp/fire_emu_84676.sock"}}
[debug] [2021-10-21T08:46:51.676Z] [worker-us-central1-api-914b6a81-ca72-4582-85fb-479a67d7b094]: BUSY {"metadata":{"emulator":{"name":"functions"},"message":"[worker-us-central1-api-914b6a81-ca72-4582-85fb-479a67d7b094]: BUSY"}}
[debug] [2021-10-21T08:46:51.775Z] [runtime-status] [84676] Functions runtime initialized. {"cwd":"/media/arjun/Shared/CODING/WebDev/amazon-clone/functions","node_version":"16.11.1"} {"metadata":{"emulator":{"name":"functions"},"function":{"name":"us-central1-api"},"message":"[runtime-status] [84676] Functions runtime initialized. {\"cwd\":\"/media/arjun/Shared/CODING/WebDev/amazon-clone/functions\",\"node_version\":\"16.11.1\"}"}}
[debug] [2021-10-21T08:46:51.777Z] [runtime-status] [84676] Disabled runtime features: undefined {"metadata":{"emulator":{"name":"functions"},"function":{"name":"us-central1-api"},"message":"[runtime-status] [84676] Disabled runtime features: undefined"}}
[debug] [2021-10-21T08:46:51.781Z] [runtime-status] [84676] Resolved module firebase-admin {"declared":true,"installed":true,"version":"9.12.0","resolution":"/media/arjun/Shared/CODING/WebDev/amazon-clone/functions/node_modules/firebase-admin/lib/index.js"} {"metadata":{"emulator":{"name":"functions"},"function":{"name":"us-central1-api"},"message":"[runtime-status] [84676] Resolved module firebase-admin {\"declared\":true,\"installed\":true,\"version\":\"9.12.0\",\"resolution\":\"/media/arjun/Shared/CODING/WebDev/amazon-clone/functions/node_modules/firebase-admin/lib/index.js\"}"}}
[debug] [2021-10-21T08:46:51.786Z] [runtime-status] [84676] Resolved module firebase-functions {"declared":true,"installed":true,"version":"3.15.7","resolution":"/media/arjun/Shared/CODING/WebDev/amazon-clone/functions/node_modules/firebase-functions/lib/index.js"} {"metadata":{"emulator":{"name":"functions"},"function":{"name":"us-central1-api"},"message":"[runtime-status] [84676] Resolved module firebase-functions {\"declared\":true,\"installed\":true,\"version\":\"3.15.7\",\"resolution\":\"/media/arjun/Shared/CODING/WebDev/amazon-clone/functions/node_modules/firebase-functions/lib/index.js\"}"}}
[debug] [2021-10-21T08:46:51.788Z] [runtime-status] [84676] Outgoing network have been stubbed. [{"name":"http","status":"mocked"},{"name":"http","status":"mocked"},{"name":"https","status":"mocked"},{"name":"https","status":"mocked"},{"name":"net","status":"mocked"}] {"metadata":{"emulator":{"name":"functions"},"function":{"name":"us-central1-api"},"message":"[runtime-status] [84676] Outgoing network have been stubbed. [{\"name\":\"http\",\"status\":\"mocked\"},{\"name\":\"http\",\"status\":\"mocked\"},{\"name\":\"https\",\"status\":\"mocked\"},{\"name\":\"https\",\"status\":\"mocked\"},{\"name\":\"net\",\"status\":\"mocked\"}]"}}
[debug] [2021-10-21T08:46:51.790Z] [runtime-status] [84676] Resolved module firebase-functions {"declared":true,"installed":true,"version":"3.15.7","resolution":"/media/arjun/Shared/CODING/WebDev/amazon-clone/functions/node_modules/firebase-functions/lib/index.js"} {"metadata":{"emulator":{"name":"functions"},"function":{"name":"us-central1-api"},"message":"[runtime-status] [84676] Resolved module firebase-functions {\"declared\":true,\"installed\":true,\"version\":\"3.15.7\",\"resolution\":\"/media/arjun/Shared/CODING/WebDev/amazon-clone/functions/node_modules/firebase-functions/lib/index.js\"}"}}
[debug] [2021-10-21T08:46:51.872Z] [runtime-status] [84676] Checked functions.config() {"config":{}} {"metadata":{"emulator":{"name":"functions"},"function":{"name":"us-central1-api"},"message":"[runtime-status] [84676] Checked functions.config() {\"config\":{}}"}}
[debug] [2021-10-21T08:46:51.872Z] [runtime-status] [84676] firebase-functions has been stubbed. {"functionsResolution":{"declared":true,"installed":true,"version":"3.15.7","resolution":"/media/arjun/Shared/CODING/WebDev/amazon-clone/functions/node_modules/firebase-functions/lib/index.js"}} {"metadata":{"emulator":{"name":"functions"},"function":{"name":"us-central1-api"},"message":"[runtime-status] [84676] firebase-functions has been stubbed. {\"functionsResolution\":{\"declared\":true,\"installed\":true,\"version\":\"3.15.7\",\"resolution\":\"/media/arjun/Shared/CODING/WebDev/amazon-clone/functions/node_modules/firebase-functions/lib/index.js\"}}"}}
[debug] [2021-10-21T08:46:51.874Z] [runtime-status] [84676] Resolved module firebase-functions {"declared":true,"installed":true,"version":"3.15.7","resolution":"/media/arjun/Shared/CODING/WebDev/amazon-clone/functions/node_modules/firebase-functions/lib/index.js"} {"metadata":{"emulator":{"name":"functions"},"function":{"name":"us-central1-api"},"message":"[runtime-status] [84676] Resolved module firebase-functions {\"declared\":true,\"installed\":true,\"version\":\"3.15.7\",\"resolution\":\"/media/arjun/Shared/CODING/WebDev/amazon-clone/functions/node_modules/firebase-functions/lib/index.js\"}"}}
[debug] [2021-10-21T08:46:51.877Z] [runtime-status] [84676] Resolved module firebase-admin {"declared":true,"installed":true,"version":"9.12.0","resolution":"/media/arjun/Shared/CODING/WebDev/amazon-clone/functions/node_modules/firebase-admin/lib/index.js"} {"metadata":{"emulator":{"name":"functions"},"function":{"name":"us-central1-api"},"message":"[runtime-status] [84676] Resolved module firebase-admin {\"declared\":true,\"installed\":true,\"version\":\"9.12.0\",\"resolution\":\"/media/arjun/Shared/CODING/WebDev/amazon-clone/functions/node_modules/firebase-admin/lib/index.js\"}"}}
[debug] [2021-10-21T08:46:51.879Z] [runtime-status] [84676] Resolved module firebase-functions {"declared":true,"installed":true,"version":"3.15.7","resolution":"/media/arjun/Shared/CODING/WebDev/amazon-clone/functions/node_modules/firebase-functions/lib/index.js"} {"metadata":{"emulator":{"name":"functions"},"function":{"name":"us-central1-api"},"message":"[runtime-status] [84676] Resolved module firebase-functions {\"declared\":true,\"installed\":true,\"version\":\"3.15.7\",\"resolution\":\"/media/arjun/Shared/CODING/WebDev/amazon-clone/functions/node_modules/firebase-functions/lib/index.js\"}"}}
[debug] [2021-10-21T08:46:51.879Z] [runtime-status] [84676] firebase-admin has been stubbed. {"adminResolution":{"declared":true,"installed":true,"version":"9.12.0","resolution":"/media/arjun/Shared/CODING/WebDev/amazon-clone/functions/node_modules/firebase-admin/lib/index.js"}} {"metadata":{"emulator":{"name":"functions"},"function":{"name":"us-central1-api"},"message":"[runtime-status] [84676] firebase-admin has been stubbed. {\"adminResolution\":{\"declared\":true,\"installed\":true,\"version\":\"9.12.0\",\"resolution\":\"/media/arjun/Shared/CODING/WebDev/amazon-clone/functions/node_modules/firebase-admin/lib/index.js\"}}"}}
[debug] [2021-10-21T08:46:52.245Z] [runtime-status] [84676] Trigger "us-central1-api" has been found, beginning invocation! {"metadata":{"emulator":{"name":"functions"},"function":{"name":"us-central1-api"},"message":"[runtime-status] [84676] Trigger \"us-central1-api\" has been found, beginning invocation!"}}
[info] i  functions: Beginning execution of "us-central1-api" {"metadata":{"emulator":{"name":"functions"},"function":{"name":"us-central1-api"},"message":"Beginning execution of \"us-central1-api\""}}
[debug] [2021-10-21T08:46:52.247Z] [runtime-status] [84676] triggerDefinition {"httpsTrigger":{},"name":"api","entryPoint":"api","regions":["us-central1"],"region":"us-central1","id":"us-central1-api"} {"metadata":{"emulator":{"name":"functions"},"function":{"name":"us-central1-api"},"message":"[runtime-status] [84676] triggerDefinition {\"httpsTrigger\":{},\"name\":\"api\",\"entryPoint\":\"api\",\"regions\":[\"us-central1\"],\"region\":\"us-central1\",\"id\":\"us-central1-api\"}"}}
[debug] [2021-10-21T08:46:52.247Z] [runtime-status] [84676] Running us-central1-api in signature http {"metadata":{"emulator":{"name":"functions"},"function":{"name":"us-central1-api"},"message":"[runtime-status] [84676] Running us-central1-api in signature http"}}
[debug] [2021-10-21T08:46:52.250Z] [runtime-status] [84676] Attempting to listen to socketPath: /tmp/fire_emu_84676.sock {"metadata":{"emulator":{"name":"functions"},"function":{"name":"us-central1-api"},"message":"[runtime-status] [84676] Attempting to listen to socketPath: /tmp/fire_emu_84676.sock"}}
[debug] [2021-10-21T08:46:52.254Z] [functions] Runtime ready! Sending request! {"metadata":{"emulator":{"name":"functions"},"message":"[functions] Runtime ready! Sending request!"}}
[debug] [2021-10-21T08:46:52.255Z] [functions] Got req.url=/clone-5943a/us-central1/api/payments/create?total=179900, mapping to path=/payments/create?total=179900 {"metadata":{"emulator":{"name":"functions"},"message":"[functions] Got req.url=/clone-5943a/us-central1/api/payments/create?total=179900, mapping to path=/payments/create?total=179900"}}
[debug] [2021-10-21T08:46:52.263Z] [runtime-status] [84676] Ephemeral server handling OPTIONS request {"metadata":{"emulator":{"name":"functions"},"function":{"name":"us-central1-api"},"message":"[runtime-status] [84676] Ephemeral server handling OPTIONS request"}}
[debug] [2021-10-21T08:46:52.270Z] [runtime-status] [84676] Ephemeral server survived. {"metadata":{"emulator":{"name":"functions"},"function":{"name":"us-central1-api"},"message":"[runtime-status] [84676] Ephemeral server survived."}}
[info] i  functions: Finished "us-central1-api" in ~1s {"metadata":{"emulator":{"name":"functions"},"function":{"name":"us-central1-api"},"message":"Finished \"us-central1-api\" in ~1s"}}
[debug] [2021-10-21T08:46:52.273Z] [worker-us-central1-api-914b6a81-ca72-4582-85fb-479a67d7b094]: IDLE {"metadata":{"emulator":{"name":"functions"},"message":"[worker-us-central1-api-914b6a81-ca72-4582-85fb-479a67d7b094]: IDLE"}}
[debug] [2021-10-21T08:46:52.273Z] [work-queue] {"queueLength":0,"workRunningCount":0}
[debug] [2021-10-21T08:46:52.276Z] [work-queue] {"queueLength":1,"workRunningCount":0}
[debug] [2021-10-21T08:46:52.276Z] [work-queue] {"queueLength":0,"workRunningCount":1}
[debug] [2021-10-21T08:46:52.276Z] Accepted request POST /clone-5943a/us-central1/api/payments/create?total=179900 --> us-central1-api
[debug] [2021-10-21T08:46:52.277Z] [worker-pool] submitWork(triggerId=us-central1-api) {"metadata":{"emulator":{"name":"functions"},"message":"[worker-pool] submitWork(triggerId=us-central1-api)"}}
[debug] [2021-10-21T08:46:52.277Z] [worker-us-central1-api-914b6a81-ca72-4582-85fb-479a67d7b094]: Assigning socketPath: /tmp/fire_emu_84676.sock {"metadata":{"emulator":{"name":"functions"},"message":"[worker-us-central1-api-914b6a81-ca72-4582-85fb-479a67d7b094]: Assigning socketPath: /tmp/fire_emu_84676.sock"}}
[debug] [2021-10-21T08:46:52.277Z] [worker-us-central1-api-914b6a81-ca72-4582-85fb-479a67d7b094]: BUSY {"metadata":{"emulator":{"name":"functions"},"message":"[worker-us-central1-api-914b6a81-ca72-4582-85fb-479a67d7b094]: BUSY"}}
[debug] [2021-10-21T08:46:52.282Z] [runtime-status] [84676] Trigger "us-central1-api" has been found, beginning invocation! {"metadata":{"emulator":{"name":"functions"},"function":{"name":"us-central1-api"},"message":"[runtime-status] [84676] Trigger \"us-central1-api\" has been found, beginning invocation!"}}
[info] i  functions: Beginning execution of "us-central1-api" {"metadata":{"emulator":{"name":"functions"},"function":{"name":"us-central1-api"},"message":"Beginning execution of \"us-central1-api\""}}
[debug] [2021-10-21T08:46:52.283Z] [runtime-status] [84676] triggerDefinition {"httpsTrigger":{},"name":"api","entryPoint":"api","regions":["us-central1"],"region":"us-central1","id":"us-central1-api"} {"metadata":{"emulator":{"name":"functions"},"function":{"name":"us-central1-api"},"message":"[runtime-status] [84676] triggerDefinition {\"httpsTrigger\":{},\"name\":\"api\",\"entryPoint\":\"api\",\"regions\":[\"us-central1\"],\"region\":\"us-central1\",\"id\":\"us-central1-api\"}"}}
[debug] [2021-10-21T08:46:52.283Z] [runtime-status] [84676] Running us-central1-api in signature http {"metadata":{"emulator":{"name":"functions"},"function":{"name":"us-central1-api"},"message":"[runtime-status] [84676] Running us-central1-api in signature http"}}
[debug] [2021-10-21T08:46:52.284Z] [runtime-status] [84676] Attempting to listen to socketPath: /tmp/fire_emu_84676.sock {"metadata":{"emulator":{"name":"functions"},"function":{"name":"us-central1-api"},"message":"[runtime-status] [84676] Attempting to listen to socketPath: /tmp/fire_emu_84676.sock"}}
[debug] [2021-10-21T08:46:52.285Z] [functions] Runtime ready! Sending request! {"metadata":{"emulator":{"name":"functions"},"message":"[functions] Runtime ready! Sending request!"}}
[debug] [2021-10-21T08:46:52.285Z] [functions] Got req.url=/clone-5943a/us-central1/api/payments/create?total=179900, mapping to path=/payments/create?total=179900 {"metadata":{"emulator":{"name":"functions"},"message":"[functions] Got req.url=/clone-5943a/us-central1/api/payments/create?total=179900, mapping to path=/payments/create?total=179900"}}
[debug] [2021-10-21T08:46:52.290Z] [runtime-status] [84676] Ephemeral server handling POST request {"metadata":{"emulator":{"name":"functions"},"function":{"name":"us-central1-api"},"message":"[runtime-status] [84676] Ephemeral server handling POST request"}}
[info] >  Payment request received:  179900 {"user":"Payment request received:  179900","metadata":{"emulator":{"name":"functions"},"function":{"name":"us-central1-api"},"message":"\u001b[90m> \u001b[39m Payment request received:  179900"}}
[debug] [2021-10-21T08:46:52.300Z] [runtime-status] [84676] Ephemeral server survived. {"metadata":{"emulator":{"name":"functions"},"function":{"name":"us-central1-api"},"message":"[runtime-status] [84676] Ephemeral server survived."}}
[info] >   {"user":"","metadata":{"emulator":{"name":"functions"},"function":{"name":"us-central1-api"},"message":"\u001b[90m> \u001b[39m "}}
[info] >   {"user":"","metadata":{"emulator":{"name":"functions"},"function":{"name":"us-central1-api"},"message":"\u001b[90m> \u001b[39m "}}
[info] >  Payment intent: {"user":"Payment intent:","metadata":{"emulator":{"name":"functions"},"function":{"name":"us-central1-api"},"message":"\u001b[90m> \u001b[39m Payment intent:"}}
[info] >   {"user":"","metadata":{"emulator":{"name":"functions"},"function":{"name":"us-central1-api"},"message":"\u001b[90m> \u001b[39m "}}
[info] >   { {"user":" {","metadata":{"emulator":{"name":"functions"},"function":{"name":"us-central1-api"},"message":"\u001b[90m> \u001b[39m  {"}}
[info] >    id: 'pi_3JmwvISDCQEtZc6S1tgTOdz8', {"user":"  id: 'pi_3JmwvISDCQEtZc6S1tgTOdz8',","metadata":{"emulator":{"name":"functions"},"function":{"name":"us-central1-api"},"message":"\u001b[90m> \u001b[39m   id: 'pi_3JmwvISDCQEtZc6S1tgTOdz8',"}}
[info] >    object: 'payment_intent', {"user":"  object: 'payment_intent',","metadata":{"emulator":{"name":"functions"},"function":{"name":"us-central1-api"},"message":"\u001b[90m> \u001b[39m   object: 'payment_intent',"}}
[info] >    amount: 179900, {"user":"  amount: 179900,","metadata":{"emulator":{"name":"functions"},"function":{"name":"us-central1-api"},"message":"\u001b[90m> \u001b[39m   amount: 179900,"}}
[info] >    amount_capturable: 0, {"user":"  amount_capturable: 0,","metadata":{"emulator":{"name":"functions"},"function":{"name":"us-central1-api"},"message":"\u001b[90m> \u001b[39m   amount_capturable: 0,"}}
[info] >    amount_received: 0, {"user":"  amount_received: 0,","metadata":{"emulator":{"name":"functions"},"function":{"name":"us-central1-api"},"message":"\u001b[90m> \u001b[39m   amount_received: 0,"}}
[info] >    application: null, {"user":"  application: null,","metadata":{"emulator":{"name":"functions"},"function":{"name":"us-central1-api"},"message":"\u001b[90m> \u001b[39m   application: null,"}}
[info] >    application_fee_amount: null, {"user":"  application_fee_amount: null,","metadata":{"emulator":{"name":"functions"},"function":{"name":"us-central1-api"},"message":"\u001b[90m> \u001b[39m   application_fee_amount: null,"}}
[info] >    canceled_at: null, {"user":"  canceled_at: null,","metadata":{"emulator":{"name":"functions"},"function":{"name":"us-central1-api"},"message":"\u001b[90m> \u001b[39m   canceled_at: null,"}}
[info] >    cancellation_reason: null, {"user":"  cancellation_reason: null,","metadata":{"emulator":{"name":"functions"},"function":{"name":"us-central1-api"},"message":"\u001b[90m> \u001b[39m   cancellation_reason: null,"}}
[info] >    capture_method: 'automatic', {"user":"  capture_method: 'automatic',","metadata":{"emulator":{"name":"functions"},"function":{"name":"us-central1-api"},"message":"\u001b[90m> \u001b[39m   capture_method: 'automatic',"}}
[info] >    charges: { {"user":"  charges: {","metadata":{"emulator":{"name":"functions"},"function":{"name":"us-central1-api"},"message":"\u001b[90m> \u001b[39m   charges: {"}}
[info] >      object: 'list', {"user":"    object: 'list',","metadata":{"emulator":{"name":"functions"},"function":{"name":"us-central1-api"},"message":"\u001b[90m> \u001b[39m     object: 'list',"}}
[info] >      data: [], {"user":"    data: [],","metadata":{"emulator":{"name":"functions"},"function":{"name":"us-central1-api"},"message":"\u001b[90m> \u001b[39m     data: [],"}}
[info] >      has_more: false, {"user":"    has_more: false,","metadata":{"emulator":{"name":"functions"},"function":{"name":"us-central1-api"},"message":"\u001b[90m> \u001b[39m     has_more: false,"}}
[info] >      total_count: 0, {"user":"    total_count: 0,","metadata":{"emulator":{"name":"functions"},"function":{"name":"us-central1-api"},"message":"\u001b[90m> \u001b[39m     total_count: 0,"}}
[info] >      url: '/v1/charges?payment_intent=pi_3JmwvISDCQEtZc6S1tgTOdz8' {"user":"    url: '/v1/charges?payment_intent=pi_3JmwvISDCQEtZc6S1tgTOdz8'","metadata":{"emulator":{"name":"functions"},"function":{"name":"us-central1-api"},"message":"\u001b[90m> \u001b[39m     url: '/v1/charges?payment_intent=pi_3JmwvISDCQEtZc6S1tgTOdz8'"}}
[info] >    }, {"user":"  },","metadata":{"emulator":{"name":"functions"},"function":{"name":"us-central1-api"},"message":"\u001b[90m> \u001b[39m   },"}}
[info] >    client_secret: 'pi_3JmwvISDCQEtZc6S1tgTOdz8_secret_8NY78Y84U0RDXSaOZu8P0Pygw', {"user":"  client_secret: 'pi_3JmwvISDCQEtZc6S1tgTOdz8_secret_8NY78Y84U0RDXSaOZu8P0Pygw',","metadata":{"emulator":{"name":"functions"},"function":{"name":"us-central1-api"},"message":"\u001b[90m> \u001b[39m   client_secret: 'pi_3JmwvISDCQEtZc6S1tgTOdz8_secret_8NY78Y84U0RDXSaOZu8P0Pygw',"}}
[info] >    confirmation_method: 'automatic', {"user":"  confirmation_method: 'automatic',","metadata":{"emulator":{"name":"functions"},"function":{"name":"us-central1-api"},"message":"\u001b[90m> \u001b[39m   confirmation_method: 'automatic',"}}
[info] >    created: 1634806012, {"user":"  created: 1634806012,","metadata":{"emulator":{"name":"functions"},"function":{"name":"us-central1-api"},"message":"\u001b[90m> \u001b[39m   created: 1634806012,"}}
[info] >    currency: 'inr', {"user":"  currency: 'inr',","metadata":{"emulator":{"name":"functions"},"function":{"name":"us-central1-api"},"message":"\u001b[90m> \u001b[39m   currency: 'inr',"}}
[info] >    customer: null, {"user":"  customer: null,","metadata":{"emulator":{"name":"functions"},"function":{"name":"us-central1-api"},"message":"\u001b[90m> \u001b[39m   customer: null,"}}
[info] >    description: null, {"user":"  description: null,","metadata":{"emulator":{"name":"functions"},"function":{"name":"us-central1-api"},"message":"\u001b[90m> \u001b[39m   description: null,"}}
[info] >    invoice: null, {"user":"  invoice: null,","metadata":{"emulator":{"name":"functions"},"function":{"name":"us-central1-api"},"message":"\u001b[90m> \u001b[39m   invoice: null,"}}
[info] >    last_payment_error: null, {"user":"  last_payment_error: null,","metadata":{"emulator":{"name":"functions"},"function":{"name":"us-central1-api"},"message":"\u001b[90m> \u001b[39m   last_payment_error: null,"}}
[info] >    livemode: false, {"user":"  livemode: false,","metadata":{"emulator":{"name":"functions"},"function":{"name":"us-central1-api"},"message":"\u001b[90m> \u001b[39m   livemode: false,"}}
[info] >    metadata: {}, {"user":"  metadata: {},","metadata":{"emulator":{"name":"functions"},"function":{"name":"us-central1-api"},"message":"\u001b[90m> \u001b[39m   metadata: {},"}}
[info] >    next_action: null, {"user":"  next_action: null,","metadata":{"emulator":{"name":"functions"},"function":{"name":"us-central1-api"},"message":"\u001b[90m> \u001b[39m   next_action: null,"}}
[info] >    on_behalf_of: null, {"user":"  on_behalf_of: null,","metadata":{"emulator":{"name":"functions"},"function":{"name":"us-central1-api"},"message":"\u001b[90m> \u001b[39m   on_behalf_of: null,"}}
[info] >    payment_method: null, {"user":"  payment_method: null,","metadata":{"emulator":{"name":"functions"},"function":{"name":"us-central1-api"},"message":"\u001b[90m> \u001b[39m   payment_method: null,"}}
[info] >    payment_method_options: { {"user":"  payment_method_options: {","metadata":{"emulator":{"name":"functions"},"function":{"name":"us-central1-api"},"message":"\u001b[90m> \u001b[39m   payment_method_options: {"}}
[info] >      card: { {"user":"    card: {","metadata":{"emulator":{"name":"functions"},"function":{"name":"us-central1-api"},"message":"\u001b[90m> \u001b[39m     card: {"}}
[info] >        installments: null, {"user":"      installments: null,","metadata":{"emulator":{"name":"functions"},"function":{"name":"us-central1-api"},"message":"\u001b[90m> \u001b[39m       installments: null,"}}
[info] >        network: null, {"user":"      network: null,","metadata":{"emulator":{"name":"functions"},"function":{"name":"us-central1-api"},"message":"\u001b[90m> \u001b[39m       network: null,"}}
[info] >        request_three_d_secure: 'automatic' {"user":"      request_three_d_secure: 'automatic'","metadata":{"emulator":{"name":"functions"},"function":{"name":"us-central1-api"},"message":"\u001b[90m> \u001b[39m       request_three_d_secure: 'automatic'"}}
[info] >      } {"user":"    }","metadata":{"emulator":{"name":"functions"},"function":{"name":"us-central1-api"},"message":"\u001b[90m> \u001b[39m     }"}}
[info] >    }, {"user":"  },","metadata":{"emulator":{"name":"functions"},"function":{"name":"us-central1-api"},"message":"\u001b[90m> \u001b[39m   },"}}
[info] >    payment_method_types: [ 'card' ], {"user":"  payment_method_types: [ 'card' ],","metadata":{"emulator":{"name":"functions"},"function":{"name":"us-central1-api"},"message":"\u001b[90m> \u001b[39m   payment_method_types: [ 'card' ],"}}
[info] >    receipt_email: null, {"user":"  receipt_email: null,","metadata":{"emulator":{"name":"functions"},"function":{"name":"us-central1-api"},"message":"\u001b[90m> \u001b[39m   receipt_email: null,"}}
[info] >    review: null, {"user":"  review: null,","metadata":{"emulator":{"name":"functions"},"function":{"name":"us-central1-api"},"message":"\u001b[90m> \u001b[39m   review: null,"}}
[info] >    setup_future_usage: null, {"user":"  setup_future_usage: null,","metadata":{"emulator":{"name":"functions"},"function":{"name":"us-central1-api"},"message":"\u001b[90m> \u001b[39m   setup_future_usage: null,"}}
[info] >    shipping: null, {"user":"  shipping: null,","metadata":{"emulator":{"name":"functions"},"function":{"name":"us-central1-api"},"message":"\u001b[90m> \u001b[39m   shipping: null,"}}
[info] >    source: null, {"user":"  source: null,","metadata":{"emulator":{"name":"functions"},"function":{"name":"us-central1-api"},"message":"\u001b[90m> \u001b[39m   source: null,"}}
[info] >    statement_descriptor: null, {"user":"  statement_descriptor: null,","metadata":{"emulator":{"name":"functions"},"function":{"name":"us-central1-api"},"message":"\u001b[90m> \u001b[39m   statement_descriptor: null,"}}
[info] >    statement_descriptor_suffix: null, {"user":"  statement_descriptor_suffix: null,","metadata":{"emulator":{"name":"functions"},"function":{"name":"us-central1-api"},"message":"\u001b[90m> \u001b[39m   statement_descriptor_suffix: null,"}}
[info] >    status: 'requires_payment_method', {"user":"  status: 'requires_payment_method',","metadata":{"emulator":{"name":"functions"},"function":{"name":"us-central1-api"},"message":"\u001b[90m> \u001b[39m   status: 'requires_payment_method',"}}
[info] >    transfer_data: null, {"user":"  transfer_data: null,","metadata":{"emulator":{"name":"functions"},"function":{"name":"us-central1-api"},"message":"\u001b[90m> \u001b[39m   transfer_data: null,"}}
[info] >    transfer_group: null {"user":"  transfer_group: null","metadata":{"emulator":{"name":"functions"},"function":{"name":"us-central1-api"},"message":"\u001b[90m> \u001b[39m   transfer_group: null"}}
[info] >  } {"user":"}","metadata":{"emulator":{"name":"functions"},"function":{"name":"us-central1-api"},"message":"\u001b[90m> \u001b[39m }"}}
[info] i  functions: Finished "us-central1-api" in ~1s {"metadata":{"emulator":{"name":"functions"},"function":{"name":"us-central1-api"},"message":"Finished \"us-central1-api\" in ~1s"}}
[debug] [2021-10-21T08:46:52.805Z] [worker-us-central1-api-914b6a81-ca72-4582-85fb-479a67d7b094]: IDLE {"metadata":{"emulator":{"name":"functions"},"message":"[worker-us-central1-api-914b6a81-ca72-4582-85fb-479a67d7b094]: IDLE"}}
[debug] [2021-10-21T08:46:52.805Z] [work-queue] {"queueLength":0,"workRunningCount":0}
[debug] [2021-10-21T08:47:09.230Z] [work-queue] {"queueLength":1,"workRunningCount":0}
[debug] [2021-10-21T08:47:09.231Z] [work-queue] {"queueLength":0,"workRunningCount":1}
[debug] [2021-10-21T08:47:09.231Z] Accepted request OPTIONS /clone-5943a/us-central1/api/payments/create?total=0 --> us-central1-api
[debug] [2021-10-21T08:47:09.232Z] [worker-pool] submitWork(triggerId=us-central1-api) {"metadata":{"emulator":{"name":"functions"},"message":"[worker-pool] submitWork(triggerId=us-central1-api)"}}
[debug] [2021-10-21T08:47:09.232Z] [worker-us-central1-api-914b6a81-ca72-4582-85fb-479a67d7b094]: Assigning socketPath: /tmp/fire_emu_84676.sock {"metadata":{"emulator":{"name":"functions"},"message":"[worker-us-central1-api-914b6a81-ca72-4582-85fb-479a67d7b094]: Assigning socketPath: /tmp/fire_emu_84676.sock"}}
[debug] [2021-10-21T08:47:09.232Z] [worker-us-central1-api-914b6a81-ca72-4582-85fb-479a67d7b094]: BUSY {"metadata":{"emulator":{"name":"functions"},"message":"[worker-us-central1-api-914b6a81-ca72-4582-85fb-479a67d7b094]: BUSY"}}
[debug] [2021-10-21T08:47:09.233Z] [runtime-status] [84676] Trigger "us-central1-api" has been found, beginning invocation! {"metadata":{"emulator":{"name":"functions"},"function":{"name":"us-central1-api"},"message":"[runtime-status] [84676] Trigger \"us-central1-api\" has been found, beginning invocation!"}}
[info] i  functions: Beginning execution of "us-central1-api" {"metadata":{"emulator":{"name":"functions"},"function":{"name":"us-central1-api"},"message":"Beginning execution of \"us-central1-api\""}}
[debug] [2021-10-21T08:47:09.234Z] [runtime-status] [84676] triggerDefinition {"httpsTrigger":{},"name":"api","entryPoint":"api","regions":["us-central1"],"region":"us-central1","id":"us-central1-api"} {"metadata":{"emulator":{"name":"functions"},"function":{"name":"us-central1-api"},"message":"[runtime-status] [84676] triggerDefinition {\"httpsTrigger\":{},\"name\":\"api\",\"entryPoint\":\"api\",\"regions\":[\"us-central1\"],\"region\":\"us-central1\",\"id\":\"us-central1-api\"}"}}
[debug] [2021-10-21T08:47:09.234Z] [runtime-status] [84676] Running us-central1-api in signature http {"metadata":{"emulator":{"name":"functions"},"function":{"name":"us-central1-api"},"message":"[runtime-status] [84676] Running us-central1-api in signature http"}}
[debug] [2021-10-21T08:47:09.234Z] [runtime-status] [84676] Attempting to listen to socketPath: /tmp/fire_emu_84676.sock {"metadata":{"emulator":{"name":"functions"},"function":{"name":"us-central1-api"},"message":"[runtime-status] [84676] Attempting to listen to socketPath: /tmp/fire_emu_84676.sock"}}
[debug] [2021-10-21T08:47:09.235Z] [functions] Runtime ready! Sending request! {"metadata":{"emulator":{"name":"functions"},"message":"[functions] Runtime ready! Sending request!"}}
[debug] [2021-10-21T08:47:09.235Z] [functions] Got req.url=/clone-5943a/us-central1/api/payments/create?total=0, mapping to path=/payments/create?total=0 {"metadata":{"emulator":{"name":"functions"},"message":"[functions] Got req.url=/clone-5943a/us-central1/api/payments/create?total=0, mapping to path=/payments/create?total=0"}}
[debug] [2021-10-21T08:47:09.240Z] [runtime-status] [84676] Ephemeral server handling OPTIONS request {"metadata":{"emulator":{"name":"functions"},"function":{"name":"us-central1-api"},"message":"[runtime-status] [84676] Ephemeral server handling OPTIONS request"}}
[debug] [2021-10-21T08:47:09.242Z] [runtime-status] [84676] Ephemeral server survived. {"metadata":{"emulator":{"name":"functions"},"function":{"name":"us-central1-api"},"message":"[runtime-status] [84676] Ephemeral server survived."}}
[info] i  functions: Finished "us-central1-api" in ~1s {"metadata":{"emulator":{"name":"functions"},"function":{"name":"us-central1-api"},"message":"Finished \"us-central1-api\" in ~1s"}}
[debug] [2021-10-21T08:47:09.243Z] [worker-us-central1-api-914b6a81-ca72-4582-85fb-479a67d7b094]: IDLE {"metadata":{"emulator":{"name":"functions"},"message":"[worker-us-central1-api-914b6a81-ca72-4582-85fb-479a67d7b094]: IDLE"}}
[debug] [2021-10-21T08:47:09.243Z] [work-queue] {"queueLength":0,"workRunningCount":0}
[debug] [2021-10-21T08:47:09.272Z] [work-queue] {"queueLength":1,"workRunningCount":0}
[debug] [2021-10-21T08:47:09.272Z] [work-queue] {"queueLength":0,"workRunningCount":1}
[debug] [2021-10-21T08:47:09.272Z] Accepted request POST /clone-5943a/us-central1/api/payments/create?total=0 --> us-central1-api
[debug] [2021-10-21T08:47:09.273Z] [worker-pool] submitWork(triggerId=us-central1-api) {"metadata":{"emulator":{"name":"functions"},"message":"[worker-pool] submitWork(triggerId=us-central1-api)"}}
[debug] [2021-10-21T08:47:09.273Z] [worker-us-central1-api-914b6a81-ca72-4582-85fb-479a67d7b094]: Assigning socketPath: /tmp/fire_emu_84676.sock {"metadata":{"emulator":{"name":"functions"},"message":"[worker-us-central1-api-914b6a81-ca72-4582-85fb-479a67d7b094]: Assigning socketPath: /tmp/fire_emu_84676.sock"}}
[debug] [2021-10-21T08:47:09.273Z] [worker-us-central1-api-914b6a81-ca72-4582-85fb-479a67d7b094]: BUSY {"metadata":{"emulator":{"name":"functions"},"message":"[worker-us-central1-api-914b6a81-ca72-4582-85fb-479a67d7b094]: BUSY"}}
[debug] [2021-10-21T08:47:09.273Z] [runtime-status] [84676] Trigger "us-central1-api" has been found, beginning invocation! {"metadata":{"emulator":{"name":"functions"},"function":{"name":"us-central1-api"},"message":"[runtime-status] [84676] Trigger \"us-central1-api\" has been found, beginning invocation!"}}
[info] i  functions: Beginning execution of "us-central1-api" {"metadata":{"emulator":{"name":"functions"},"function":{"name":"us-central1-api"},"message":"Beginning execution of \"us-central1-api\""}}
[debug] [2021-10-21T08:47:09.274Z] [runtime-status] [84676] triggerDefinition {"httpsTrigger":{},"name":"api","entryPoint":"api","regions":["us-central1"],"region":"us-central1","id":"us-central1-api"} {"metadata":{"emulator":{"name":"functions"},"function":{"name":"us-central1-api"},"message":"[runtime-status] [84676] triggerDefinition {\"httpsTrigger\":{},\"name\":\"api\",\"entryPoint\":\"api\",\"regions\":[\"us-central1\"],\"region\":\"us-central1\",\"id\":\"us-central1-api\"}"}}
[debug] [2021-10-21T08:47:09.274Z] [runtime-status] [84676] Running us-central1-api in signature http {"metadata":{"emulator":{"name":"functions"},"function":{"name":"us-central1-api"},"message":"[runtime-status] [84676] Running us-central1-api in signature http"}}
[debug] [2021-10-21T08:47:09.274Z] [runtime-status] [84676] Attempting to listen to socketPath: /tmp/fire_emu_84676.sock {"metadata":{"emulator":{"name":"functions"},"function":{"name":"us-central1-api"},"message":"[runtime-status] [84676] Attempting to listen to socketPath: /tmp/fire_emu_84676.sock"}}
[debug] [2021-10-21T08:47:09.275Z] [functions] Runtime ready! Sending request! {"metadata":{"emulator":{"name":"functions"},"message":"[functions] Runtime ready! Sending request!"}}
[debug] [2021-10-21T08:47:09.276Z] [functions] Got req.url=/clone-5943a/us-central1/api/payments/create?total=0, mapping to path=/payments/create?total=0 {"metadata":{"emulator":{"name":"functions"},"message":"[functions] Got req.url=/clone-5943a/us-central1/api/payments/create?total=0, mapping to path=/payments/create?total=0"}}
[debug] [2021-10-21T08:47:09.280Z] [runtime-status] [84676] Ephemeral server handling POST request {"metadata":{"emulator":{"name":"functions"},"function":{"name":"us-central1-api"},"message":"[runtime-status] [84676] Ephemeral server handling POST request"}}
[info] >  Payment request received:  0 {"user":"Payment request received:  0","metadata":{"emulator":{"name":"functions"},"function":{"name":"us-central1-api"},"message":"\u001b[90m> \u001b[39m Payment request received:  0"}}
[debug] [2021-10-21T08:47:09.282Z] [runtime-status] [84676] Ephemeral server survived. {"metadata":{"emulator":{"name":"functions"},"function":{"name":"us-central1-api"},"message":"[runtime-status] [84676] Ephemeral server survived."}}
[info] >  /media/arjun/Shared/CODING/WebDev/amazon-clone/functions/node_modules/stripe/lib/Error.js:40 {"user":"/media/arjun/Shared/CODING/WebDev/amazon-clone/functions/node_modules/stripe/lib/Error.js:40","metadata":{"emulator":{"name":"functions"},"function":{"name":"us-central1-api"},"message":"\u001b[90m> \u001b[39m /media/arjun/Shared/CODING/WebDev/amazon-clone/functions/node_modules/stripe/lib/Error.js:40"}}
[info] >          return new StripeInvalidRequestError(rawStripeError); {"user":"        return new StripeInvalidRequestError(rawStripeError);","metadata":{"emulator":{"name":"functions"},"function":{"name":"us-central1-api"},"message":"\u001b[90m> \u001b[39m         return new StripeInvalidRequestError(rawStripeError);"}}
[info] >                 ^ {"user":"               ^","metadata":{"emulator":{"name":"functions"},"function":{"name":"us-central1-api"},"message":"\u001b[90m> \u001b[39m                ^"}}
[info] >   {"user":"","metadata":{"emulator":{"name":"functions"},"function":{"name":"us-central1-api"},"message":"\u001b[90m> \u001b[39m "}}
[info] >  StripeInvalidRequestError: This value must be greater than or equal to 1. {"user":"StripeInvalidRequestError: This value must be greater than or equal to 1.","metadata":{"emulator":{"name":"functions"},"function":{"name":"us-central1-api"},"message":"\u001b[90m> \u001b[39m StripeInvalidRequestError: This value must be greater than or equal to 1."}}
[info] >      at Function.generate (/media/arjun/Shared/CODING/WebDev/amazon-clone/functions/node_modules/stripe/lib/Error.js:40:16) {"user":"    at Function.generate (/media/arjun/Shared/CODING/WebDev/amazon-clone/functions/node_modules/stripe/lib/Error.js:40:16)","metadata":{"emulator":{"name":"functions"},"function":{"name":"us-central1-api"},"message":"\u001b[90m> \u001b[39m     at Function.generate (/media/arjun/Shared/CODING/WebDev/amazon-clone/functions/node_modules/stripe/lib/Error.js:40:16)"}}
[info] >      at res.toJSON.then.StripeAPIError.message (/media/arjun/Shared/CODING/WebDev/amazon-clone/functions/node_modules/stripe/lib/StripeResource.js:220:35) {"user":"    at res.toJSON.then.StripeAPIError.message (/media/arjun/Shared/CODING/WebDev/amazon-clone/functions/node_modules/stripe/lib/StripeResource.js:220:35)","metadata":{"emulator":{"name":"functions"},"function":{"name":"us-central1-api"},"message":"\u001b[90m> \u001b[39m     at res.toJSON.then.StripeAPIError.message (/media/arjun/Shared/CODING/WebDev/amazon-clone/functions/node_modules/stripe/lib/StripeResource.js:220:35)"}}
[info] >      at processTicksAndRejections (node:internal/process/task_queues:96:5) { {"user":"    at processTicksAndRejections (node:internal/process/task_queues:96:5) {","metadata":{"emulator":{"name":"functions"},"function":{"name":"us-central1-api"},"message":"\u001b[90m> \u001b[39m     at processTicksAndRejections (node:internal/process/task_queues:96:5) {"}}
[info] >    type: 'StripeInvalidRequestError', {"user":"  type: 'StripeInvalidRequestError',","metadata":{"emulator":{"name":"functions"},"function":{"name":"us-central1-api"},"message":"\u001b[90m> \u001b[39m   type: 'StripeInvalidRequestError',"}}
[info] >    raw: { {"user":"  raw: {","metadata":{"emulator":{"name":"functions"},"function":{"name":"us-central1-api"},"message":"\u001b[90m> \u001b[39m   raw: {"}}
[info] >      code: 'parameter_invalid_integer', {"user":"    code: 'parameter_invalid_integer',","metadata":{"emulator":{"name":"functions"},"function":{"name":"us-central1-api"},"message":"\u001b[90m> \u001b[39m     code: 'parameter_invalid_integer',"}}
[info] >      doc_url: 'https://stripe.com/docs/error-codes/parameter-invalid-integer', {"user":"    doc_url: 'https://stripe.com/docs/error-codes/parameter-invalid-integer',","metadata":{"emulator":{"name":"functions"},"function":{"name":"us-central1-api"},"message":"\u001b[90m> \u001b[39m     doc_url: 'https://stripe.com/docs/error-codes/parameter-invalid-integer',"}}
[info] >      message: 'This value must be greater than or equal to 1.', {"user":"    message: 'This value must be greater than or equal to 1.',","metadata":{"emulator":{"name":"functions"},"function":{"name":"us-central1-api"},"message":"\u001b[90m> \u001b[39m     message: 'This value must be greater than or equal to 1.',"}}
[info] >      param: 'amount', {"user":"    param: 'amount',","metadata":{"emulator":{"name":"functions"},"function":{"name":"us-central1-api"},"message":"\u001b[90m> \u001b[39m     param: 'amount',"}}
[info] >      type: 'invalid_request_error', {"user":"    type: 'invalid_request_error',","metadata":{"emulator":{"name":"functions"},"function":{"name":"us-central1-api"},"message":"\u001b[90m> \u001b[39m     type: 'invalid_request_error',"}}
[info] >      headers: { {"user":"    headers: {","metadata":{"emulator":{"name":"functions"},"function":{"name":"us-central1-api"},"message":"\u001b[90m> \u001b[39m     headers: {"}}
[info] >        server: 'nginx', {"user":"      server: 'nginx',","metadata":{"emulator":{"name":"functions"},"function":{"name":"us-central1-api"},"message":"\u001b[90m> \u001b[39m       server: 'nginx',"}}
[info] >        date: 'Thu, 21 Oct 2021 08:47:09 GMT', {"user":"      date: 'Thu, 21 Oct 2021 08:47:09 GMT',","metadata":{"emulator":{"name":"functions"},"function":{"name":"us-central1-api"},"message":"\u001b[90m> \u001b[39m       date: 'Thu, 21 Oct 2021 08:47:09 GMT',"}}
[info] >        'content-type': 'application/json', {"user":"      'content-type': 'application/json',","metadata":{"emulator":{"name":"functions"},"function":{"name":"us-central1-api"},"message":"\u001b[90m> \u001b[39m       'content-type': 'application/json',"}}
[info] >        'content-length': '266', {"user":"      'content-length': '266',","metadata":{"emulator":{"name":"functions"},"function":{"name":"us-central1-api"},"message":"\u001b[90m> \u001b[39m       'content-length': '266',"}}
[info] >        connection: 'keep-alive', {"user":"      connection: 'keep-alive',","metadata":{"emulator":{"name":"functions"},"function":{"name":"us-central1-api"},"message":"\u001b[90m> \u001b[39m       connection: 'keep-alive',"}}
[info] >        'access-control-allow-credentials': 'true', {"user":"      'access-control-allow-credentials': 'true',","metadata":{"emulator":{"name":"functions"},"function":{"name":"us-central1-api"},"message":"\u001b[90m> \u001b[39m       'access-control-allow-credentials': 'true',"}}
[info] >        'access-control-allow-methods': 'GET, POST, HEAD, OPTIONS, DELETE', {"user":"      'access-control-allow-methods': 'GET, POST, HEAD, OPTIONS, DELETE',","metadata":{"emulator":{"name":"functions"},"function":{"name":"us-central1-api"},"message":"\u001b[90m> \u001b[39m       'access-control-allow-methods': 'GET, POST, HEAD, OPTIONS, DELETE',"}}
[info] >        'access-control-allow-origin': '*', {"user":"      'access-control-allow-origin': '*',","metadata":{"emulator":{"name":"functions"},"function":{"name":"us-central1-api"},"message":"\u001b[90m> \u001b[39m       'access-control-allow-origin': '*',"}}
[info] >        'access-control-expose-headers': 'Request-Id, Stripe-Manage-Version, X-Stripe-External-Auth-Required, X-Stripe-Privileged-Session-Required', {"user":"      'access-control-expose-headers': 'Request-Id, Stripe-Manage-Version, X-Stripe-External-Auth-Required, X-Stripe-Privileged-Session-Required',","metadata":{"emulator":{"name":"functions"},"function":{"name":"us-central1-api"},"message":"\u001b[90m> \u001b[39m       'access-control-expose-headers': 'Request-Id, Stripe-Manage-Version, X-Stripe-External-Auth-Required, X-Stripe-Privileged-Session-Required',"}}
[info] >        'access-control-max-age': '300', {"user":"      'access-control-max-age': '300',","metadata":{"emulator":{"name":"functions"},"function":{"name":"us-central1-api"},"message":"\u001b[90m> \u001b[39m       'access-control-max-age': '300',"}}
[info] >        'cache-control': 'no-cache, no-store', {"user":"      'cache-control': 'no-cache, no-store',","metadata":{"emulator":{"name":"functions"},"function":{"name":"us-central1-api"},"message":"\u001b[90m> \u001b[39m       'cache-control': 'no-cache, no-store',"}}
[info] >        'idempotency-key': '2b227ce0-2243-4060-b268-43f8c5741b8d', {"user":"      'idempotency-key': '2b227ce0-2243-4060-b268-43f8c5741b8d',","metadata":{"emulator":{"name":"functions"},"function":{"name":"us-central1-api"},"message":"\u001b[90m> \u001b[39m       'idempotency-key': '2b227ce0-2243-4060-b268-43f8c5741b8d',"}}
[info] >        'original-request': 'req_GpqNVudj8wgmGr', {"user":"      'original-request': 'req_GpqNVudj8wgmGr',","metadata":{"emulator":{"name":"functions"},"function":{"name":"us-central1-api"},"message":"\u001b[90m> \u001b[39m       'original-request': 'req_GpqNVudj8wgmGr',"}}
[info] >        'request-id': 'req_GpqNVudj8wgmGr', {"user":"      'request-id': 'req_GpqNVudj8wgmGr',","metadata":{"emulator":{"name":"functions"},"function":{"name":"us-central1-api"},"message":"\u001b[90m> \u001b[39m       'request-id': 'req_GpqNVudj8wgmGr',"}}
[info] >        'stripe-version': '2020-08-27', {"user":"      'stripe-version': '2020-08-27',","metadata":{"emulator":{"name":"functions"},"function":{"name":"us-central1-api"},"message":"\u001b[90m> \u001b[39m       'stripe-version': '2020-08-27',"}}
[info] >        'strict-transport-security': 'max-age=31556926; includeSubDomains; preload' {"user":"      'strict-transport-security': 'max-age=31556926; includeSubDomains; preload'","metadata":{"emulator":{"name":"functions"},"function":{"name":"us-central1-api"},"message":"\u001b[90m> \u001b[39m       'strict-transport-security': 'max-age=31556926; includeSubDomains; preload'"}}
[info] >      }, {"user":"    },","metadata":{"emulator":{"name":"functions"},"function":{"name":"us-central1-api"},"message":"\u001b[90m> \u001b[39m     },"}}
[info] >      statusCode: 400, {"user":"    statusCode: 400,","metadata":{"emulator":{"name":"functions"},"function":{"name":"us-central1-api"},"message":"\u001b[90m> \u001b[39m     statusCode: 400,"}}
[info] >      requestId: 'req_GpqNVudj8wgmGr' {"user":"    requestId: 'req_GpqNVudj8wgmGr'","metadata":{"emulator":{"name":"functions"},"function":{"name":"us-central1-api"},"message":"\u001b[90m> \u001b[39m     requestId: 'req_GpqNVudj8wgmGr'"}}
[info] >    }, {"user":"  },","metadata":{"emulator":{"name":"functions"},"function":{"name":"us-central1-api"},"message":"\u001b[90m> \u001b[39m   },"}}
[info] >    rawType: 'invalid_request_error', {"user":"  rawType: 'invalid_request_error',","metadata":{"emulator":{"name":"functions"},"function":{"name":"us-central1-api"},"message":"\u001b[90m> \u001b[39m   rawType: 'invalid_request_error',"}}
[info] >    code: 'parameter_invalid_integer', {"user":"  code: 'parameter_invalid_integer',","metadata":{"emulator":{"name":"functions"},"function":{"name":"us-central1-api"},"message":"\u001b[90m> \u001b[39m   code: 'parameter_invalid_integer',"}}
[info] >    doc_url: 'https://stripe.com/docs/error-codes/parameter-invalid-integer', {"user":"  doc_url: 'https://stripe.com/docs/error-codes/parameter-invalid-integer',","metadata":{"emulator":{"name":"functions"},"function":{"name":"us-central1-api"},"message":"\u001b[90m> \u001b[39m   doc_url: 'https://stripe.com/docs/error-codes/parameter-invalid-integer',"}}
[info] >    param: 'amount', {"user":"  param: 'amount',","metadata":{"emulator":{"name":"functions"},"function":{"name":"us-central1-api"},"message":"\u001b[90m> \u001b[39m   param: 'amount',"}}
[info] >    detail: undefined, {"user":"  detail: undefined,","metadata":{"emulator":{"name":"functions"},"function":{"name":"us-central1-api"},"message":"\u001b[90m> \u001b[39m   detail: undefined,"}}
[info] >    headers: { {"user":"  headers: {","metadata":{"emulator":{"name":"functions"},"function":{"name":"us-central1-api"},"message":"\u001b[90m> \u001b[39m   headers: {"}}
[info] >      server: 'nginx', {"user":"    server: 'nginx',","metadata":{"emulator":{"name":"functions"},"function":{"name":"us-central1-api"},"message":"\u001b[90m> \u001b[39m     server: 'nginx',"}}
[info] >      date: 'Thu, 21 Oct 2021 08:47:09 GMT', {"user":"    date: 'Thu, 21 Oct 2021 08:47:09 GMT',","metadata":{"emulator":{"name":"functions"},"function":{"name":"us-central1-api"},"message":"\u001b[90m> \u001b[39m     date: 'Thu, 21 Oct 2021 08:47:09 GMT',"}}
[info] >      'content-type': 'application/json', {"user":"    'content-type': 'application/json',","metadata":{"emulator":{"name":"functions"},"function":{"name":"us-central1-api"},"message":"\u001b[90m> \u001b[39m     'content-type': 'application/json',"}}
[info] >      'content-length': '266', {"user":"    'content-length': '266',","metadata":{"emulator":{"name":"functions"},"function":{"name":"us-central1-api"},"message":"\u001b[90m> \u001b[39m     'content-length': '266',"}}
[info] >      connection: 'keep-alive', {"user":"    connection: 'keep-alive',","metadata":{"emulator":{"name":"functions"},"function":{"name":"us-central1-api"},"message":"\u001b[90m> \u001b[39m     connection: 'keep-alive',"}}
[info] >      'access-control-allow-credentials': 'true', {"user":"    'access-control-allow-credentials': 'true',","metadata":{"emulator":{"name":"functions"},"function":{"name":"us-central1-api"},"message":"\u001b[90m> \u001b[39m     'access-control-allow-credentials': 'true',"}}
[info] >      'access-control-allow-methods': 'GET, POST, HEAD, OPTIONS, DELETE', {"user":"    'access-control-allow-methods': 'GET, POST, HEAD, OPTIONS, DELETE',","metadata":{"emulator":{"name":"functions"},"function":{"name":"us-central1-api"},"message":"\u001b[90m> \u001b[39m     'access-control-allow-methods': 'GET, POST, HEAD, OPTIONS, DELETE',"}}
[info] >      'access-control-allow-origin': '*', {"user":"    'access-control-allow-origin': '*',","metadata":{"emulator":{"name":"functions"},"function":{"name":"us-central1-api"},"message":"\u001b[90m> \u001b[39m     'access-control-allow-origin': '*',"}}
[info] >      'access-control-expose-headers': 'Request-Id, Stripe-Manage-Version, X-Stripe-External-Auth-Required, X-Stripe-Privileged-Session-Required', {"user":"    'access-control-expose-headers': 'Request-Id, Stripe-Manage-Version, X-Stripe-External-Auth-Required, X-Stripe-Privileged-Session-Required',","metadata":{"emulator":{"name":"functions"},"function":{"name":"us-central1-api"},"message":"\u001b[90m> \u001b[39m     'access-control-expose-headers': 'Request-Id, Stripe-Manage-Version, X-Stripe-External-Auth-Required, X-Stripe-Privileged-Session-Required',"}}
[info] >      'access-control-max-age': '300', {"user":"    'access-control-max-age': '300',","metadata":{"emulator":{"name":"functions"},"function":{"name":"us-central1-api"},"message":"\u001b[90m> \u001b[39m     'access-control-max-age': '300',"}}
[info] >      'cache-control': 'no-cache, no-store', {"user":"    'cache-control': 'no-cache, no-store',","metadata":{"emulator":{"name":"functions"},"function":{"name":"us-central1-api"},"message":"\u001b[90m> \u001b[39m     'cache-control': 'no-cache, no-store',"}}
[info] >      'idempotency-key': '2b227ce0-2243-4060-b268-43f8c5741b8d', {"user":"    'idempotency-key': '2b227ce0-2243-4060-b268-43f8c5741b8d',","metadata":{"emulator":{"name":"functions"},"function":{"name":"us-central1-api"},"message":"\u001b[90m> \u001b[39m     'idempotency-key': '2b227ce0-2243-4060-b268-43f8c5741b8d',"}}
[info] >      'original-request': 'req_GpqNVudj8wgmGr', {"user":"    'original-request': 'req_GpqNVudj8wgmGr',","metadata":{"emulator":{"name":"functions"},"function":{"name":"us-central1-api"},"message":"\u001b[90m> \u001b[39m     'original-request': 'req_GpqNVudj8wgmGr',"}}
[info] >      'request-id': 'req_GpqNVudj8wgmGr', {"user":"    'request-id': 'req_GpqNVudj8wgmGr',","metadata":{"emulator":{"name":"functions"},"function":{"name":"us-central1-api"},"message":"\u001b[90m> \u001b[39m     'request-id': 'req_GpqNVudj8wgmGr',"}}
[info] >      'stripe-version': '2020-08-27', {"user":"    'stripe-version': '2020-08-27',","metadata":{"emulator":{"name":"functions"},"function":{"name":"us-central1-api"},"message":"\u001b[90m> \u001b[39m     'stripe-version': '2020-08-27',"}}
[info] >      'strict-transport-security': 'max-age=31556926; includeSubDomains; preload' {"user":"    'strict-transport-security': 'max-age=31556926; includeSubDomains; preload'","metadata":{"emulator":{"name":"functions"},"function":{"name":"us-central1-api"},"message":"\u001b[90m> \u001b[39m     'strict-transport-security': 'max-age=31556926; includeSubDomains; preload'"}}
[info] >    }, {"user":"  },","metadata":{"emulator":{"name":"functions"},"function":{"name":"us-central1-api"},"message":"\u001b[90m> \u001b[39m   },"}}
[info] >    requestId: 'req_GpqNVudj8wgmGr', {"user":"  requestId: 'req_GpqNVudj8wgmGr',","metadata":{"emulator":{"name":"functions"},"function":{"name":"us-central1-api"},"message":"\u001b[90m> \u001b[39m   requestId: 'req_GpqNVudj8wgmGr',"}}
[info] >    statusCode: 400, {"user":"  statusCode: 400,","metadata":{"emulator":{"name":"functions"},"function":{"name":"us-central1-api"},"message":"\u001b[90m> \u001b[39m   statusCode: 400,"}}
[info] >    charge: undefined, {"user":"  charge: undefined,","metadata":{"emulator":{"name":"functions"},"function":{"name":"us-central1-api"},"message":"\u001b[90m> \u001b[39m   charge: undefined,"}}
[info] >    decline_code: undefined, {"user":"  decline_code: undefined,","metadata":{"emulator":{"name":"functions"},"function":{"name":"us-central1-api"},"message":"\u001b[90m> \u001b[39m   decline_code: undefined,"}}
[info] >    payment_intent: undefined, {"user":"  payment_intent: undefined,","metadata":{"emulator":{"name":"functions"},"function":{"name":"us-central1-api"},"message":"\u001b[90m> \u001b[39m   payment_intent: undefined,"}}
[info] >    payment_method: undefined, {"user":"  payment_method: undefined,","metadata":{"emulator":{"name":"functions"},"function":{"name":"us-central1-api"},"message":"\u001b[90m> \u001b[39m   payment_method: undefined,"}}
[info] >    payment_method_type: undefined, {"user":"  payment_method_type: undefined,","metadata":{"emulator":{"name":"functions"},"function":{"name":"us-central1-api"},"message":"\u001b[90m> \u001b[39m   payment_method_type: undefined,"}}
[info] >    setup_intent: undefined, {"user":"  setup_intent: undefined,","metadata":{"emulator":{"name":"functions"},"function":{"name":"us-central1-api"},"message":"\u001b[90m> \u001b[39m   setup_intent: undefined,"}}
[info] >    source: undefined {"user":"  source: undefined","metadata":{"emulator":{"name":"functions"},"function":{"name":"us-central1-api"},"message":"\u001b[90m> \u001b[39m   source: undefined"}}
[info] >  } {"user":"}","metadata":{"emulator":{"name":"functions"},"function":{"name":"us-central1-api"},"message":"\u001b[90m> \u001b[39m }"}}
[debug] [2021-10-21T08:47:09.507Z] [worker-us-central1-api-914b6a81-ca72-4582-85fb-479a67d7b094]: exited {"metadata":{"emulator":{"name":"functions"},"message":"[worker-us-central1-api-914b6a81-ca72-4582-85fb-479a67d7b094]: exited"}}
[debug] [2021-10-21T08:47:09.507Z] [worker-us-central1-api-914b6a81-ca72-4582-85fb-479a67d7b094]: FINISHED {"metadata":{"emulator":{"name":"functions"},"message":"[worker-us-central1-api-914b6a81-ca72-4582-85fb-479a67d7b094]: FINISHED"}}
[debug] [2021-10-21T08:47:09.508Z] [work-queue] {"queueLength":0,"workRunningCount":0}
